<?xml version="1.0" encoding="UTF-8"?>
<!-- Generated by org.testng.reporters.JUnitReportReporter -->
<testsuite hostname="Sharma_Amit" failures="0" tests="1" name="com.qa.api.tests.UpdateUserTest" time="7.157" errors="0" timestamp="2024-10-16T05:49:37 IST" skipped="0">
  <testcase classname="com.qa.api.tests.UpdateUserTest" name="updateUserWithBuilderTest" time="7.157"/>
</testsuite> <!-- com.qa.api.tests.UpdateUserTest -->
